<?xml version="1.0" encoding="UTF-8"?>
<testsuite name="ohtuesimerkki.StatisticsTest" tests="4" skipped="0" failures="0" errors="0" timestamp="2017-03-25T16:33:35" hostname="dhcp-asv-120" time="0.009">
  <properties/>
  <testcase name="tiimiHakuPalauttaaOikeanMaaranPelaajia" classname="ohtuesimerkki.StatisticsTest" time="0.004"/>
  <testcase name="topScorersHakuToimii" classname="ohtuesimerkki.StatisticsTest" time="0.0"/>
  <testcase name="searchPalauttaaOikeanPelaajan" classname="ohtuesimerkki.StatisticsTest" time="0.0"/>
  <testcase name="josPelaajaaEiOleOlemassaPalautetaanNull" classname="ohtuesimerkki.StatisticsTest" time="0.001"/>
  <system-out><![CDATA[]]></system-out>
  <system-err><![CDATA[]]></system-err>
</testsuite>
